<?xml version="1.0" encoding="UTF-8"?>
<!-- Generated by org.testng.reporters.JUnitReportReporter -->
<testsuite skipped="0" hostname="Balagopal" name="Wait.ImplicitWait" tests="1" failures="0" timestamp="30 Dec 2018 06:59:21 GMT" time="35.323" errors="0">
  <testcase name="impwait" time="35.323" classname="Wait.ImplicitWait"/>
</testsuite> <!-- Wait.ImplicitWait -->
