<?xml version="1.0" encoding="UTF-8"?>
<!-- Generated by org.testng.reporters.JUnitReportReporter -->
<testsuite skipped="0" hostname="Balagopal" name="WebdriverManager.WebdriverManager" tests="1" failures="0" timestamp="30 Dec 2018 06:48:15 GMT" time="54.289" errors="0">
  <testcase name="browser" time="54.289" classname="WebdriverManager.WebdriverManager"/>
</testsuite> <!-- WebdriverManager.WebdriverManager -->
