<?xml version="1.0" encoding="UTF-8"?>
<!-- Generated by org.testng.reporters.JUnitReportReporter -->
<testsuite skipped="0" hostname="Balagopal" name="Switch_frames.IFrameSwitching" tests="1" failures="0" timestamp="30 Dec 2018 13:32:42 GMT" time="68.463" errors="0">
  <testcase name="iframes" time="68.463" classname="Switch_frames.IFrameSwitching"/>
</testsuite> <!-- Switch_frames.IFrameSwitching -->
