<?xml version="1.0" encoding="UTF-8"?>
<!-- Generated by org.testng.reporters.JUnitReportReporter -->
<testsuite skipped="0" hostname="Balagopal" name="Wait.Test_bala" tests="4" failures="0" timestamp="30 Dec 2018 10:03:45 GMT" time="0.041" errors="0">
  <testcase name="b" time="0.006" classname="Wait.Test_bala"/>
  <testcase name="a" time="0.025" classname="Wait.Test_bala"/>
  <testcase name="c" time="0.003" classname="Wait.Test_bala"/>
  <testcase name="d" time="0.007" classname="Wait.Test_bala"/>
</testsuite> <!-- Wait.Test_bala -->
